[2024-06-13T18:46:12.164176+03:00] SqLite.INFO: Select all users [] []
[2024-06-13T18:46:16.292651+03:00] SqLite.INFO: Select user wallet [] []
[2024-06-13T18:46:16.292786+03:00] SqLite.INFO: selectTransactionsBySymbol [] []
[2024-06-13T18:46:16.292856+03:00] SqLite.INFO: selectTransactionsBySymbol [] []
[2024-06-13T18:46:16.292931+03:00] SqLite.INFO: selectTransactionsBySymbol [] []
[2024-06-13T18:46:36.616366+03:00] SqLite.INFO: selectAmountByCurrency [] []
[2024-06-13T18:46:38.187417+03:00] SqLite.INFO: selectAmountByCurrency [] []
[2024-06-13T18:46:38.189116+03:00] SqLite.INFO: updateWallet [] []
[2024-06-13T18:46:38.189188+03:00] SqLite.INFO: Select user wallet [] []
[2024-06-13T18:46:38.190416+03:00] SqLite.INFO: wallet

[2024-06-13T18:46:38.197699+03:00] SqLite.INFO: insertTransaction [] []
[2024-06-13T18:47:28.987849+03:00] SqLite.INFO: Select user wallet [] []
[2024-06-13T18:47:28.987957+03:00] SqLite.INFO: selectTransactionsBySymbol [] []
[2024-06-13T18:47:28.988014+03:00] SqLite.INFO: selectTransactionsBySymbol [] []
[2024-06-13T18:47:28.988066+03:00] SqLite.INFO: selectTransactionsBySymbol [] []
[2024-06-13T18:47:28.988131+03:00] SqLite.INFO: selectTransactionsBySymbol [] []
[2024-06-13T18:49:46.321333+03:00] SqLite.INFO: Select all users [] []
[2024-06-13T18:49:55.965977+03:00] SqLite.INFO: selectAmountByCurrency [] []
[2024-06-13T18:52:29.658485+03:00] SqLite.INFO: Select all users [] []
[2024-06-13T18:52:35.639794+03:00] SqLite.INFO: Select user wallet [] []
[2024-06-13T18:52:35.639896+03:00] SqLite.INFO: selectTransactionsBySymbol [] []
[2024-06-13T18:52:35.639972+03:00] SqLite.INFO: selectTransactionsBySymbol [] []
[2024-06-13T18:52:35.640036+03:00] SqLite.INFO: selectTransactionsBySymbol [] []
[2024-06-13T18:52:35.640109+03:00] SqLite.INFO: selectTransactionsBySymbol [] []
[2024-06-13T18:52:45.111524+03:00] SqLite.INFO: selectAmountByCurrency [] []
[2024-06-13T18:52:45.762732+03:00] SqLite.INFO: selectAmountByCurrency [] []
[2024-06-13T18:52:45.764372+03:00] SqLite.INFO: updateWallet [] []
[2024-06-13T18:52:53.997423+03:00] SqLite.INFO: Select all users [] []
[2024-06-13T18:53:01.182124+03:00] SqLite.INFO: Select user wallet [] []
[2024-06-13T18:53:01.182245+03:00] SqLite.INFO: selectTransactionsBySymbol [] []
[2024-06-13T18:53:01.182315+03:00] SqLite.INFO: selectTransactionsBySymbol [] []
[2024-06-13T18:53:01.182378+03:00] SqLite.INFO: selectTransactionsBySymbol [] []
[2024-06-13T18:53:01.182440+03:00] SqLite.INFO: selectTransactionsBySymbol [] []
[2024-06-13T18:58:16.583896+03:00] SqLite.INFO: Select all users [] []
[2024-06-13T18:58:24.203094+03:00] SqLite.INFO: selectAmountByCurrency [] []
[2024-06-13T18:58:25.294059+03:00] SqLite.INFO: selectAmountByCurrency [] []
[2024-06-13T18:58:25.295888+03:00] SqLite.INFO: updateWallet [] []
[2024-06-13T18:58:25.295980+03:00] SqLite.INFO: Select user wallet [] []
[2024-06-13T18:58:25.297278+03:00] SqLite.INFO: Add to wallet exec [] []
[2024-06-13T18:58:25.307086+03:00] SqLite.INFO: insertTransaction [] []
[2024-06-13T18:58:39.517043+03:00] SqLite.INFO: Select user wallet [] []
[2024-06-13T18:58:39.517147+03:00] SqLite.INFO: selectTransactionsBySymbol [] []
[2024-06-13T18:58:39.517204+03:00] SqLite.INFO: selectTransactionsBySymbol [] []
[2024-06-13T18:58:39.517256+03:00] SqLite.INFO: selectTransactionsBySymbol [] []
[2024-06-13T18:58:39.517307+03:00] SqLite.INFO: selectTransactionsBySymbol [] []
[2024-06-13T18:58:39.517382+03:00] SqLite.INFO: selectTransactionsBySymbol [] []
[2024-06-13T19:00:14.617252+03:00] SqLite.INFO: selectAmountByCurrency [] []
[2024-06-13T19:00:15.740521+03:00] SqLite.INFO: selectAmountByCurrency [] []
[2024-06-13T19:00:15.742032+03:00] SqLite.INFO: updateWallet [] []
[2024-06-13T19:00:15.742103+03:00] SqLite.INFO: Select user wallet [] []
[2024-06-13T19:00:15.743385+03:00] SqLite.INFO: Add to wallet exec [] []
[2024-06-13T19:00:15.744681+03:00] SqLite.INFO: insertTransaction [] []
[2024-06-13T19:00:18.235223+03:00] SqLite.INFO: Select user wallet [] []
[2024-06-13T19:00:18.235328+03:00] SqLite.INFO: selectTransactionsBySymbol [] []
[2024-06-13T19:00:18.235396+03:00] SqLite.INFO: selectTransactionsBySymbol [] []
[2024-06-13T19:00:18.235459+03:00] SqLite.INFO: selectTransactionsBySymbol [] []
[2024-06-13T19:00:18.235510+03:00] SqLite.INFO: selectTransactionsBySymbol [] []
[2024-06-13T19:00:18.235558+03:00] SqLite.INFO: selectTransactionsBySymbol [] []
[2024-06-13T19:00:18.235612+03:00] SqLite.INFO: selectTransactionsBySymbol [] []
[2024-06-13T19:01:47.269108+03:00] SqLite.INFO: Select user wallet [] []
[2024-06-13T19:25:56.327698+03:00] SqLite.INFO: Select all users [] []
[2024-06-13T19:26:01.000498+03:00] SqLite.INFO: Select user wallet [] []
[2024-06-13T19:26:01.000605+03:00] SqLite.INFO: selectTransactionsBySymbol [] []
[2024-06-13T19:26:01.000664+03:00] SqLite.INFO: selectTransactionsBySymbol [] []
[2024-06-13T19:26:12.655825+03:00] SqLite.INFO: selectAmountByCurrency [] []
[2024-06-13T19:26:13.482083+03:00] SqLite.INFO: selectAmountByCurrency [] []
[2024-06-13T19:26:13.483768+03:00] SqLite.INFO: updateWallet [] []
[2024-06-13T19:26:13.483859+03:00] SqLite.INFO: Select user wallet [] []
[2024-06-13T19:26:13.485109+03:00] SqLite.INFO: Add to wallet exec [] []
[2024-06-13T19:26:13.492174+03:00] SqLite.INFO: insertTransaction [] []
[2024-06-13T19:26:18.023083+03:00] SqLite.INFO: Select user wallet [] []
[2024-06-13T19:26:18.023195+03:00] SqLite.INFO: selectTransactionsBySymbol [] []
[2024-06-13T19:26:18.023254+03:00] SqLite.INFO: selectTransactionsBySymbol [] []
[2024-06-13T19:26:18.023322+03:00] SqLite.INFO: selectTransactionsBySymbol [] []
[2024-06-13T19:29:27.404578+03:00] SqLite.INFO: Select all users [] []
[2024-06-13T19:29:33.370353+03:00] SqLite.INFO: Select user wallet [] []
[2024-06-13T19:29:33.370469+03:00] SqLite.INFO: selectTransactionsBySymbol [] []
[2024-06-13T19:29:33.370528+03:00] SqLite.INFO: selectTransactionsBySymbol [] []
[2024-06-13T19:29:33.370591+03:00] SqLite.INFO: selectTransactionsBySymbol [] []
[2024-06-13T19:34:59.766488+03:00] SqLite.INFO: Select all users [] []
[2024-06-13T19:35:04.282341+03:00] SqLite.INFO: Select user wallet [] []
[2024-06-13T19:35:41.565327+03:00] SqLite.INFO: Select all users [] []
[2024-06-13T19:35:47.495405+03:00] SqLite.INFO: Select user wallet [] []
[2024-06-13T19:36:13.836155+03:00] SqLite.INFO: Select all users [] []
[2024-06-13T19:36:17.874037+03:00] SqLite.INFO: Select user wallet [] []
[2024-06-13T19:36:30.237060+03:00] SqLite.INFO: Select all users [] []
[2024-06-13T19:36:35.619365+03:00] SqLite.INFO: Select user wallet [] []
[2024-06-13T19:36:58.268868+03:00] SqLite.INFO: Select all users [] []
[2024-06-13T19:37:06.483194+03:00] SqLite.INFO: Select all users [] []
[2024-06-13T19:37:11.306757+03:00] SqLite.INFO: Select user wallet [] []
[2024-06-13T19:37:11.306878+03:00] SqLite.INFO: selectTransactionsBySymbol [] []
[2024-06-13T19:37:11.306936+03:00] SqLite.INFO: selectTransactionsBySymbol [] []
[2024-06-13T19:37:11.307000+03:00] SqLite.INFO: selectTransactionsBySymbol [] []
[2024-06-13T19:37:49.920303+03:00] SqLite.INFO: Select all users [] []
[2024-06-13T19:37:54.898112+03:00] SqLite.INFO: Select user wallet [] []
[2024-06-13T19:37:54.898232+03:00] SqLite.INFO: selectTransactionsBySymbol [] []
[2024-06-13T19:37:54.898304+03:00] SqLite.INFO: selectTransactionsBySymbol [] []
[2024-06-13T19:37:54.898381+03:00] SqLite.INFO: selectTransactionsBySymbol [] []
[2024-06-13T19:39:05.962664+03:00] SqLite.INFO: Select all users [] []
[2024-06-13T19:39:09.316550+03:00] SqLite.INFO: Select user wallet [] []
[2024-06-13T19:39:09.316661+03:00] SqLite.INFO: selectTransactionsBySymbol [] []
[2024-06-13T19:39:09.316721+03:00] SqLite.INFO: selectTransactionsBySymbol [] []
[2024-06-13T19:39:09.316785+03:00] SqLite.INFO: selectTransactionsBySymbol [] []
[2024-06-13T19:39:37.595324+03:00] SqLite.INFO: Select all users [] []
[2024-06-13T19:39:40.630791+03:00] SqLite.INFO: Select user wallet [] []
[2024-06-13T19:39:40.630902+03:00] SqLite.INFO: selectTransactionsBySymbol [] []
[2024-06-13T19:39:40.630976+03:00] SqLite.INFO: selectTransactionsBySymbol [] []
[2024-06-13T19:39:40.631053+03:00] SqLite.INFO: selectTransactionsBySymbol [] []
[2024-06-13T19:40:36.337969+03:00] SqLite.INFO: Select all users [] []
[2024-06-13T19:40:40.152852+03:00] SqLite.INFO: Select user wallet [] []
[2024-06-13T19:40:40.152974+03:00] SqLite.INFO: selectTransactionsBySymbol [] []
[2024-06-13T19:40:40.153059+03:00] SqLite.INFO: selectTransactionsBySymbol [] []
[2024-06-13T19:40:40.153136+03:00] SqLite.INFO: selectTransactionsBySymbol [] []
[2024-06-13T19:40:58.690455+03:00] SqLite.INFO: Select all users [] []
[2024-06-13T19:41:03.899540+03:00] SqLite.INFO: Select user wallet [] []
[2024-06-13T19:41:03.899646+03:00] SqLite.INFO: selectTransactionsBySymbol [] []
[2024-06-13T19:41:03.899705+03:00] SqLite.INFO: selectTransactionsBySymbol [] []
[2024-06-13T19:41:03.899769+03:00] SqLite.INFO: selectTransactionsBySymbol [] []
[2024-06-13T19:42:08.000503+03:00] SqLite.INFO: Select all users [] []
[2024-06-13T19:42:12.474100+03:00] SqLite.INFO: Select user wallet [] []
[2024-06-13T19:42:12.474207+03:00] SqLite.INFO: selectTransactionsBySymbol [] []
[2024-06-13T19:42:12.474265+03:00] SqLite.INFO: selectTransactionsBySymbol [] []
[2024-06-13T19:42:12.474328+03:00] SqLite.INFO: selectTransactionsBySymbol [] []
[2024-06-13T19:42:42.344061+03:00] SqLite.INFO: Select user wallet [] []
[2024-06-13T19:47:42.059357+03:00] SqLite.INFO: Select all users [] []
[2024-06-13T19:47:51.347514+03:00] SqLite.INFO: Select user wallet [] []
[2024-06-13T19:48:18.709205+03:00] SqLite.INFO: Select all users [] []
[2024-06-13T19:48:24.333975+03:00] SqLite.INFO: Select user wallet [] []
[2024-06-13T19:48:24.334088+03:00] SqLite.INFO: Select user wallet [] []
[2024-06-13T19:49:29.272613+03:00] SqLite.INFO: Select all users [] []
[2024-06-13T19:49:33.829750+03:00] SqLite.INFO: Select user wallet [] []
[2024-06-13T19:52:20.227402+03:00] SqLite.INFO: Select all users [] []
[2024-06-13T19:52:25.454233+03:00] SqLite.INFO: Select user wallet [] []
[2024-06-13T20:00:25.124520+03:00] SqLite.INFO: Select all users [] []
[2024-06-13T20:00:30.972176+03:00] SqLite.INFO: Select user wallet [] []
[2024-06-13T20:01:11.572327+03:00] SqLite.INFO: Select all users [] []
[2024-06-13T20:01:16.734892+03:00] SqLite.INFO: Select user wallet [] []
[2024-06-13T20:03:07.053784+03:00] SqLite.INFO: Select all users [] []
[2024-06-13T20:03:13.184515+03:00] SqLite.INFO: Select user wallet [] []
[2024-06-13T20:06:19.251524+03:00] SqLite.INFO: Select all users [] []
[2024-06-13T20:06:25.201901+03:00] SqLite.INFO: Select user wallet [] []
[2024-06-13T20:07:35.943774+03:00] SqLite.INFO: Select all users [] []
[2024-06-13T20:07:45.979698+03:00] SqLite.INFO: Select all users [] []
[2024-06-13T20:07:51.099288+03:00] SqLite.INFO: Select user wallet [] []
[2024-06-13T20:09:16.534088+03:00] SqLite.INFO: Select all users [] []
[2024-06-13T20:09:21.703282+03:00] SqLite.INFO: Select user wallet [] []
[2024-06-13T20:09:44.746393+03:00] SqLite.INFO: Select all users [] []
[2024-06-13T20:09:49.182297+03:00] SqLite.INFO: Select user wallet [] []
[2024-06-13T20:11:24.550239+03:00] SqLite.INFO: Select all users [] []
[2024-06-13T20:11:31.774740+03:00] SqLite.INFO: Select all users [] []
[2024-06-13T20:11:37.238647+03:00] SqLite.INFO: Select user wallet [] []
[2024-06-13T20:12:16.751748+03:00] SqLite.INFO: Select user wallet [] []
[2024-06-13T20:13:17.999869+03:00] SqLite.INFO: Select all users [] []
[2024-06-13T20:13:21.942141+03:00] SqLite.INFO: Select user wallet [] []
[2024-06-13T20:13:21.942238+03:00] SqLite.INFO: selectTransactionsBySymbol [] []
[2024-06-13T20:13:21.942309+03:00] SqLite.INFO: selectTransactionsBySymbol [] []
[2024-06-13T20:13:21.942361+03:00] SqLite.INFO: selectTransactionsBySymbol [] []
[2024-06-13T20:16:08.439091+03:00] SqLite.INFO: Select all users [] []
[2024-06-13T20:16:13.123690+03:00] SqLite.INFO: Select user wallet [] []
[2024-06-13T20:16:13.123908+03:00] SqLite.INFO: selectTransactionsBySymbol [] []
[2024-06-13T20:16:13.123981+03:00] SqLite.INFO: selectTransactionsBySymbol [] []
[2024-06-13T20:16:13.124044+03:00] SqLite.INFO: selectTransactionsBySymbol [] []
[2024-06-13T20:17:58.248260+03:00] SqLite.INFO: Select all users [] []
[2024-06-13T20:18:04.064895+03:00] SqLite.INFO: Select user wallet [] []
[2024-06-13T20:18:04.065002+03:00] SqLite.INFO: selectTransactionsBySymbol [] []
[2024-06-13T20:18:04.065077+03:00] SqLite.INFO: selectTransactionsBySymbol [] []
[2024-06-13T20:18:04.065142+03:00] SqLite.INFO: selectTransactionsBySymbol [] []
[2024-06-13T20:18:57.320508+03:00] SqLite.INFO: Select all users [] []
[2024-06-13T20:19:02.299334+03:00] SqLite.INFO: Select user wallet [] []
[2024-06-13T20:19:07.523528+03:00] SqLite.INFO: Select all users [] []
[2024-06-13T20:19:11.471200+03:00] SqLite.INFO: Select user wallet [] []
[2024-06-13T20:19:18.143027+03:00] SqLite.INFO: Select all users [] []
[2024-06-13T20:19:23.059294+03:00] SqLite.INFO: Select user wallet [] []
[2024-06-13T20:20:27.380646+03:00] SqLite.INFO: Select all users [] []
[2024-06-13T20:20:30.838621+03:00] SqLite.INFO: Select user wallet [] []
[2024-06-13T20:20:51.331325+03:00] SqLite.INFO: Select all users [] []
[2024-06-13T20:20:55.990508+03:00] SqLite.INFO: Select user wallet [] []
[2024-06-13T20:20:55.990609+03:00] SqLite.INFO: selectTransactionsBySymbol [] []
[2024-06-13T20:20:55.990666+03:00] SqLite.INFO: selectTransactionsBySymbol [] []
[2024-06-13T20:20:55.990717+03:00] SqLite.INFO: selectTransactionsBySymbol [] []
[2024-06-13T20:21:16.331579+03:00] SqLite.INFO: Select all users [] []
[2024-06-13T20:21:21.735401+03:00] SqLite.INFO: Select user wallet [] []
[2024-06-13T20:21:21.735519+03:00] SqLite.INFO: selectTransactionsBySymbol [] []
[2024-06-13T20:21:21.735580+03:00] SqLite.INFO: selectTransactionsBySymbol [] []
[2024-06-13T20:21:21.735643+03:00] SqLite.INFO: selectTransactionsBySymbol [] []
[2024-06-13T20:21:41.941132+03:00] SqLite.INFO: Select all users [] []
[2024-06-13T20:21:45.006577+03:00] SqLite.INFO: Select user wallet [] []
[2024-06-13T20:21:45.006724+03:00] SqLite.INFO: selectTransactionsBySymbol [] []
[2024-06-13T20:21:45.006806+03:00] SqLite.INFO: selectTransactionsBySymbol [] []
[2024-06-13T20:21:45.006885+03:00] SqLite.INFO: selectTransactionsBySymbol [] []
[2024-06-13T20:22:58.528007+03:00] SqLite.INFO: Select all users [] []
[2024-06-13T20:23:01.562258+03:00] SqLite.INFO: Select user wallet [] []
[2024-06-13T20:23:01.562483+03:00] SqLite.INFO: selectTransactionsBySymbol [] []
[2024-06-13T20:23:01.562590+03:00] SqLite.INFO: selectTransactionsBySymbol [] []
[2024-06-13T20:23:01.562715+03:00] SqLite.INFO: selectTransactionsBySymbol [] []
[2024-06-13T20:23:17.715689+03:00] SqLite.INFO: selectAllTransactions [] []
[2024-06-13T20:24:12.124055+03:00] SqLite.INFO: selectAmountByCurrency [] []
[2024-06-13T20:24:13.371890+03:00] SqLite.INFO: selectAmountByCurrency [] []
[2024-06-13T20:24:13.373647+03:00] SqLite.INFO: updateWallet [] []
[2024-06-13T20:24:13.373734+03:00] SqLite.INFO: Select user wallet [] []
[2024-06-13T20:24:13.375039+03:00] SqLite.INFO: Add to wallet exec [] []
[2024-06-13T20:24:13.382190+03:00] SqLite.INFO: insertTransaction [] []
[2024-06-13T20:24:15.662317+03:00] SqLite.INFO: Select user wallet [] []
[2024-06-13T20:24:15.662415+03:00] SqLite.INFO: selectTransactionsBySymbol [] []
[2024-06-13T20:24:15.662471+03:00] SqLite.INFO: selectTransactionsBySymbol [] []
[2024-06-13T20:24:15.662535+03:00] SqLite.INFO: selectTransactionsBySymbol [] []
[2024-06-13T20:24:15.662596+03:00] SqLite.INFO: selectTransactionsBySymbol [] []
[2024-06-13T20:24:47.632921+03:00] SqLite.INFO: Select user wallet [] []
[2024-06-13T20:24:52.310641+03:00] SqLite.INFO: Select user wallet [] []
[2024-06-13T20:25:58.112445+03:00] SqLite.INFO: Select all users [] []
[2024-06-13T20:26:03.228969+03:00] SqLite.INFO: Select user wallet [] []
[2024-06-13T20:26:05.967502+03:00] SqLite.INFO: Select user wallet [] []
[2024-06-13T20:29:30.072051+03:00] SqLite.INFO: Select all users [] []
[2024-06-13T20:29:37.073303+03:00] SqLite.INFO: Select user wallet [] []
[2024-06-13T20:29:38.746398+03:00] SqLite.INFO: Select user wallet [] []
[2024-06-13T20:30:14.720049+03:00] SqLite.INFO: Select all users [] []
[2024-06-13T20:30:19.936259+03:00] SqLite.INFO: Select user wallet [] []
[2024-06-13T20:30:22.651606+03:00] SqLite.INFO: Select user wallet [] []
[2024-06-13T20:30:49.141101+03:00] SqLite.INFO: Select all users [] []
[2024-06-13T20:30:56.160852+03:00] SqLite.INFO: Select user wallet [] []
[2024-06-13T20:30:59.576853+03:00] SqLite.INFO: Select user wallet [] []
[2024-06-13T20:31:22.771486+03:00] SqLite.INFO: Select all users [] []
[2024-06-13T20:31:28.120317+03:00] SqLite.INFO: Select user wallet [] []
[2024-06-13T20:31:29.838480+03:00] SqLite.INFO: Select user wallet [] []
[2024-06-13T20:33:14.851727+03:00] SqLite.INFO: Select all users [] []
[2024-06-13T20:33:19.296344+03:00] SqLite.INFO: Select user wallet [] []
[2024-06-13T20:33:20.813853+03:00] SqLite.INFO: Select user wallet [] []
[2024-06-13T20:36:20.975317+03:00] SqLite.INFO: Select all users [] []
[2024-06-13T20:36:25.606717+03:00] SqLite.INFO: Select user wallet [] []
[2024-06-13T20:36:27.700473+03:00] SqLite.INFO: Select user wallet [] []
[2024-06-13T20:37:06.071078+03:00] SqLite.INFO: Select all users [] []
[2024-06-13T20:37:13.777873+03:00] SqLite.INFO: Select user wallet [] []
[2024-06-13T20:37:15.058071+03:00] SqLite.INFO: Select user wallet [] []
[2024-06-13T20:38:15.486010+03:00] SqLite.INFO: Select all users [] []
[2024-06-13T20:38:19.039987+03:00] SqLite.INFO: Select user wallet [] []
[2024-06-13T20:38:20.038626+03:00] SqLite.INFO: Select user wallet [] []
[2024-06-13T20:38:34.927764+03:00] SqLite.INFO: Select user wallet [] []
[2024-06-13T20:38:36.384460+03:00] SqLite.INFO: selectAmountByCurrency [] []
[2024-06-13T20:38:36.387479+03:00] SqLite.INFO: deleteFromWallet [] []
[2024-06-13T20:38:36.387564+03:00] SqLite.INFO: updateWallet [] []
[2024-06-13T20:38:36.387632+03:00] SqLite.INFO: Select user wallet [] []
[2024-06-13T20:38:36.389404+03:00] SqLite.INFO: Add to wallet exec [] []
[2024-06-13T20:38:36.397011+03:00] SqLite.INFO: insertTransaction [] []
[2024-06-13T20:38:39.516835+03:00] SqLite.INFO: Select user wallet [] []
[2024-06-13T20:38:39.516967+03:00] SqLite.INFO: selectTransactionsBySymbol [] []
[2024-06-13T20:38:39.517057+03:00] SqLite.INFO: selectTransactionsBySymbol [] []
[2024-06-13T20:38:39.517135+03:00] SqLite.INFO: selectTransactionsBySymbol [] []
[2024-06-13T20:38:39.517198+03:00] SqLite.INFO: selectTransactionsBySymbol [] []
[2024-06-13T20:45:52.299297+03:00] SqLite.INFO: Select all users [] []
[2024-06-13T20:46:01.548262+03:00] SqLite.INFO: Select user wallet [] []
[2024-06-13T20:46:01.548390+03:00] SqLite.INFO: selectTransactionsBySymbol [] []
[2024-06-13T20:46:24.655964+03:00] SqLite.INFO: selectAmountByCurrency [] []
[2024-06-13T20:46:26.115518+03:00] SqLite.INFO: selectAmountByCurrency [] []
[2024-06-13T20:46:26.117155+03:00] SqLite.INFO: updateWallet [] []
[2024-06-13T20:46:26.117237+03:00] SqLite.INFO: selectAmountByCurrency [] []
[2024-06-13T20:48:24.048467+03:00] SqLite.INFO: Select all users [] []
[2024-06-13T20:48:39.228825+03:00] SqLite.INFO: selectAmountByCurrency [] []
[2024-06-13T20:48:40.176738+03:00] SqLite.INFO: selectAmountByCurrency [] []
[2024-06-13T20:48:40.178548+03:00] SqLite.INFO: updateWallet [] []
[2024-06-13T20:48:40.178628+03:00] SqLite.INFO: selectAmountByCurrency [] []
[2024-06-13T20:52:10.913809+03:00] SqLite.INFO: Select all users [] []
[2024-06-13T20:52:41.186497+03:00] SqLite.INFO: Select all users [] []
[2024-06-13T20:52:47.802811+03:00] SqLite.INFO: Select all users [] []
[2024-06-13T20:54:09.572823+03:00] SqLite.INFO: Select all users [] []
[2024-06-13T20:54:28.490360+03:00] SqLite.INFO: Select all users [] []
[2024-06-13T20:54:36.336002+03:00] SqLite.INFO: selectAmountByCurrency [] []
[2024-06-13T20:54:37.468644+03:00] SqLite.INFO: selectAmountByCurrency [] []
[2024-06-13T20:54:37.470304+03:00] SqLite.INFO: updateWallet [] []
[2024-06-13T20:54:37.470375+03:00] SqLite.INFO: selectAmountByCurrency [] []
[2024-06-13T20:56:15.817951+03:00] SqLite.INFO: Select all users [] []
[2024-06-13T20:56:21.341757+03:00] SqLite.INFO: Select user wallet [] []
[2024-06-13T20:56:21.341855+03:00] SqLite.INFO: selectTransactionsBySymbol [] []
[2024-06-13T20:56:25.899520+03:00] SqLite.INFO: selectAllTransactions [] []
[2024-06-13T20:56:45.528384+03:00] SqLite.INFO: selectAmountByCurrency [] []
[2024-06-13T20:56:47.361417+03:00] SqLite.INFO: selectAmountByCurrency [] []
[2024-06-13T20:56:47.363181+03:00] SqLite.INFO: updateWallet [] []
[2024-06-13T20:56:47.363254+03:00] SqLite.INFO: selectAmountByCurrency [] []
[2024-06-13T21:00:47.131722+03:00] SqLite.INFO: Select all users [] []
[2024-06-13T21:00:55.911839+03:00] SqLite.INFO: selectAmountByCurrency [] []
[2024-06-13T21:01:05.594585+03:00] SqLite.INFO: selectAmountByCurrency [] []
[2024-06-13T21:01:05.596257+03:00] SqLite.INFO: updateWallet [] []
[2024-06-13T21:01:05.596327+03:00] SqLite.INFO: selectAmountByCurrency [] []
[2024-06-13T21:02:20.332833+03:00] SqLite.INFO: Select all users [] []
[2024-06-13T21:02:39.466351+03:00] SqLite.INFO: selectAmountByCurrency [] []
[2024-06-13T21:03:43.418332+03:00] SqLite.INFO: Select all users [] []
[2024-06-13T21:03:50.180487+03:00] SqLite.INFO: selectAmountByCurrency [] []
[2024-06-13T21:03:51.180052+03:00] SqLite.INFO: selectAmountByCurrency [] []
[2024-06-13T21:03:51.181608+03:00] SqLite.INFO: updateWallet [] []
[2024-06-13T21:03:51.181681+03:00] SqLite.INFO: selectAmountByCurrency [] []
[2024-06-13T21:04:06.244819+03:00] SqLite.INFO: Select all users [] []
[2024-06-13T21:04:12.751983+03:00] SqLite.INFO: selectAmountByCurrency [] []
[2024-06-13T21:04:13.602044+03:00] SqLite.INFO: selectAmountByCurrency [] []
[2024-06-13T21:04:13.603756+03:00] SqLite.INFO: updateWallet [] []
[2024-06-13T21:04:13.603828+03:00] SqLite.INFO: selectAmountByCurrency [] []
[2024-06-13T21:04:23.581383+03:00] SqLite.INFO: Select all users [] []
[2024-06-13T21:04:33.023900+03:00] SqLite.INFO: selectAmountByCurrency [] []
[2024-06-13T21:04:34.022623+03:00] SqLite.INFO: selectAmountByCurrency [] []
[2024-06-13T21:04:34.024354+03:00] SqLite.INFO: updateWallet [] []
[2024-06-13T21:04:34.024435+03:00] SqLite.INFO: selectAmountByCurrency [] []
[2024-06-13T21:04:55.323010+03:00] SqLite.INFO: Select all users [] []
[2024-06-13T21:05:00.010143+03:00] SqLite.INFO: Select user wallet [] []
[2024-06-13T21:05:00.010267+03:00] SqLite.INFO: selectTransactionsBySymbol [] []
[2024-06-13T21:05:04.939782+03:00] SqLite.INFO: selectAmountByCurrency [] []
[2024-06-13T21:05:06.442986+03:00] SqLite.INFO: selectAmountByCurrency [] []
[2024-06-13T21:05:06.444628+03:00] SqLite.INFO: updateWallet [] []
[2024-06-13T21:05:06.444696+03:00] SqLite.INFO: selectAmountByCurrency [] []
[2024-06-13T21:07:07.457695+03:00] SqLite.INFO: Select all users [] []
[2024-06-13T21:07:25.044644+03:00] SqLite.INFO: selectAmountByCurrency [] []
[2024-06-13T21:07:26.161404+03:00] SqLite.INFO: selectAmountByCurrency [] []
[2024-06-13T21:07:26.163137+03:00] SqLite.INFO: updateWallet [] []
[2024-06-13T21:07:26.163228+03:00] SqLite.INFO: selectAmountByCurrency [] []
[2024-06-13T21:10:39.032436+03:00] SqLite.INFO: Select all users [] []
[2024-06-13T21:10:47.390970+03:00] SqLite.INFO: selectAmountByCurrency [] []
[2024-06-13T21:10:47.950760+03:00] SqLite.INFO: selectAmountByCurrency [] []
[2024-06-13T21:10:47.952426+03:00] SqLite.INFO: updateWallet [] []
[2024-06-13T21:10:47.952495+03:00] SqLite.INFO: selectAmountByCurrency [] []
[2024-06-13T21:12:18.682794+03:00] SqLite.INFO: Select all users [] []
[2024-06-13T21:12:29.017054+03:00] SqLite.INFO: selectAmountByCurrency [] []
[2024-06-13T21:12:32.297895+03:00] SqLite.INFO: selectAmountByCurrency [] []
[2024-06-13T21:12:32.299741+03:00] SqLite.INFO: updateWallet [] []
[2024-06-13T21:12:32.299824+03:00] SqLite.INFO: selectAmountByCurrency [] []
[2024-06-13T21:13:35.126046+03:00] SqLite.INFO: Select all users [] []
[2024-06-13T21:13:42.703198+03:00] SqLite.INFO: selectAmountByCurrency [] []
[2024-06-13T21:13:44.673809+03:00] SqLite.INFO: selectAmountByCurrency [] []
[2024-06-13T21:13:44.675544+03:00] SqLite.INFO: updateWallet [] []
[2024-06-13T21:13:44.675634+03:00] SqLite.INFO: selectAmountByCurrency [] []
[2024-06-13T21:14:08.038581+03:00] SqLite.INFO: Select all users [] []
[2024-06-13T21:14:16.761747+03:00] SqLite.INFO: selectAmountByCurrency [] []
[2024-06-13T21:14:19.209061+03:00] SqLite.INFO: selectAmountByCurrency [] []
[2024-06-13T21:14:19.210785+03:00] SqLite.INFO: updateWallet [] []
[2024-06-13T21:14:19.210882+03:00] SqLite.INFO: selectAmountByCurrency [] []
[2024-06-13T21:15:37.345481+03:00] SqLite.INFO: Select all users [] []
[2024-06-13T21:15:46.056768+03:00] SqLite.INFO: selectAmountByCurrency [] []
[2024-06-13T21:15:47.316117+03:00] SqLite.INFO: selectAmountByCurrency [] []
[2024-06-13T21:15:47.317720+03:00] SqLite.INFO: updateWallet [] []
[2024-06-13T21:15:47.317796+03:00] SqLite.INFO: selectAmountByCurrency [] []
[2024-06-13T21:15:47.317843+03:00] SqLite.INFO: updateWallet [] []
[2024-06-13T21:15:47.324964+03:00] SqLite.INFO: insertTransaction [] []
[2024-06-13T21:15:49.408886+03:00] SqLite.INFO: Select user wallet [] []
[2024-06-13T21:15:49.408991+03:00] SqLite.INFO: selectTransactionsBySymbol [] []
[2024-06-13T21:18:48.278527+03:00] SqLite.INFO: Select all users [] []
[2024-06-13T21:18:55.611492+03:00] SqLite.INFO: selectAmountByCurrency [] []
[2024-06-13T21:18:56.651384+03:00] SqLite.INFO: selectAmountByCurrency [] []
[2024-06-13T21:18:56.653332+03:00] SqLite.INFO: updateWallet [] []
[2024-06-13T21:18:56.653357+03:00] SqLite.INFO: selectAmountByCurrency [] []
[2024-06-13T21:18:56.653443+03:00] SqLite.INFO: updateWallet [] []
[2024-06-13T21:18:56.660656+03:00] SqLite.INFO: insertTransaction [] []
[2024-06-13T21:18:58.325963+03:00] SqLite.INFO: Select user wallet [] []
[2024-06-13T21:18:58.326066+03:00] SqLite.INFO: selectTransactionsBySymbol [] []
[2024-06-13T21:19:40.916859+03:00] SqLite.INFO: Select all users [] []
[2024-06-13T21:19:49.335293+03:00] SqLite.INFO: selectAmountByCurrency [] []
[2024-06-13T21:19:50.251603+03:00] SqLite.INFO: selectAmountByCurrency [] []
[2024-06-13T21:19:50.253465+03:00] SqLite.INFO: updateWallet [] []
[2024-06-13T21:19:50.253491+03:00] SqLite.INFO: selectAmountByCurrency [] []
[2024-06-13T21:19:50.253614+03:00] SqLite.INFO: updateWallet [] []
[2024-06-13T21:19:50.260871+03:00] SqLite.INFO: insertTransaction [] []
[2024-06-13T21:20:50.014220+03:00] SqLite.INFO: Select all users [] []
[2024-06-13T21:20:54.229290+03:00] SqLite.INFO: Select user wallet [] []
[2024-06-13T21:20:54.229390+03:00] SqLite.INFO: selectTransactionsBySymbol [] []
[2024-06-13T21:20:59.319223+03:00] SqLite.INFO: selectAmountByCurrency [] []
[2024-06-13T21:21:00.613906+03:00] SqLite.INFO: selectAmountByCurrency [] []
[2024-06-13T21:21:00.615779+03:00] SqLite.INFO: updateWallet [] []
[2024-06-13T21:21:00.615805+03:00] SqLite.INFO: selectAmountByCurrency [] []
[2024-06-13T21:21:00.615913+03:00] SqLite.INFO: updateWallet [] []
[2024-06-13T21:21:00.623178+03:00] SqLite.INFO: insertTransaction [] []
[2024-06-13T21:21:02.112248+03:00] SqLite.INFO: Select user wallet [] []
[2024-06-13T21:21:02.112361+03:00] SqLite.INFO: selectTransactionsBySymbol [] []
[2024-06-13T21:23:10.225579+03:00] SqLite.INFO: Select all users [] []
[2024-06-13T21:23:19.861206+03:00] SqLite.INFO: selectAmountByCurrency [] []
[2024-06-13T21:23:20.784848+03:00] SqLite.INFO: selectAmountByCurrency [] []
[2024-06-13T21:23:20.786611+03:00] SqLite.INFO: updateWallet [] []
[2024-06-13T21:23:20.786636+03:00] SqLite.INFO: selectAmountByCurrency [] []
[2024-06-13T21:23:20.787979+03:00] SqLite.INFO: Add to wallet exec [] []
[2024-06-13T21:23:20.795088+03:00] SqLite.INFO: insertTransaction [] []
[2024-06-13T21:23:25.253433+03:00] SqLite.INFO: Select user wallet [] []
[2024-06-13T21:23:25.253553+03:00] SqLite.INFO: selectTransactionsBySymbol [] []
[2024-06-13T21:23:25.253663+03:00] SqLite.INFO: selectTransactionsBySymbol [] []
[2024-06-13T21:27:32.043607+03:00] SqLite.INFO: Select all users [] []
[2024-06-13T21:27:35.438641+03:00] SqLite.INFO: Create USer [] []
[2024-06-13T21:27:35.438740+03:00] SqLite.INFO: Select user wallet [] []
[2024-06-13T21:27:35.439971+03:00] SqLite.INFO: Add to wallet exec [] []
[2024-06-13T21:27:40.391821+03:00] SqLite.INFO: Select user wallet [] []
[2024-06-13T21:27:40.391922+03:00] SqLite.INFO: selectTransactionsBySymbol [] []
[2024-06-13T21:30:24.037953+03:00] SqLite.INFO: Select all users [] []
[2024-06-13T21:30:32.470632+03:00] SqLite.INFO: Create USer [] []
[2024-06-13T21:30:32.472041+03:00] SqLite.INFO: Add to wallet exec [] []
[2024-06-13T21:30:34.863375+03:00] SqLite.INFO: Select user wallet [] []
[2024-06-13T21:30:34.863490+03:00] SqLite.INFO: selectTransactionsBySymbol [] []
[2024-06-13T21:31:03.076364+03:00] SqLite.INFO: selectAmountByCurrency [] []
[2024-06-13T21:31:04.314668+03:00] SqLite.INFO: selectAmountByCurrency [] []
[2024-06-13T21:31:04.316379+03:00] SqLite.INFO: updateWallet [] []
[2024-06-13T21:31:04.316403+03:00] SqLite.INFO: selectAmountByCurrency [] []
[2024-06-13T21:31:04.317633+03:00] SqLite.INFO: Add to wallet exec [] []
[2024-06-13T21:31:04.324855+03:00] SqLite.INFO: insertTransaction [] []
[2024-06-13T21:31:06.073819+03:00] SqLite.INFO: Select user wallet [] []
[2024-06-13T21:31:06.073911+03:00] SqLite.INFO: selectTransactionsBySymbol [] []
[2024-06-13T21:31:06.073973+03:00] SqLite.INFO: selectTransactionsBySymbol [] []
[2024-06-13T21:31:15.282661+03:00] SqLite.INFO: selectAmountByCurrency [] []
[2024-06-13T21:31:16.539661+03:00] SqLite.INFO: selectAmountByCurrency [] []
[2024-06-13T21:31:16.541497+03:00] SqLite.INFO: updateWallet [] []
[2024-06-13T21:31:16.541523+03:00] SqLite.INFO: selectAmountByCurrency [] []
[2024-06-13T21:31:16.542793+03:00] SqLite.INFO: Add to wallet exec [] []
[2024-06-13T21:31:16.544066+03:00] SqLite.INFO: insertTransaction [] []
[2024-06-13T21:31:25.600331+03:00] SqLite.INFO: selectAmountByCurrency [] []
[2024-06-13T21:31:29.441338+03:00] SqLite.INFO: Select user wallet [] []
[2024-06-13T21:31:29.441439+03:00] SqLite.INFO: selectTransactionsBySymbol [] []
[2024-06-13T21:31:29.441502+03:00] SqLite.INFO: selectTransactionsBySymbol [] []
[2024-06-13T21:31:29.441577+03:00] SqLite.INFO: selectTransactionsBySymbol [] []
[2024-06-13T21:31:36.713750+03:00] SqLite.INFO: selectAmountByCurrency [] []
[2024-06-13T21:31:39.674052+03:00] SqLite.INFO: selectAmountByCurrency [] []
[2024-06-13T21:31:39.675916+03:00] SqLite.INFO: updateWallet [] []
[2024-06-13T21:31:39.675941+03:00] SqLite.INFO: selectAmountByCurrency [] []
[2024-06-13T21:31:39.677168+03:00] SqLite.INFO: Add to wallet exec [] []
[2024-06-13T21:31:39.678403+03:00] SqLite.INFO: insertTransaction [] []
[2024-06-13T21:31:41.204304+03:00] SqLite.INFO: Select user wallet [] []
[2024-06-13T21:31:41.204395+03:00] SqLite.INFO: selectTransactionsBySymbol [] []
[2024-06-13T21:31:41.204467+03:00] SqLite.INFO: selectTransactionsBySymbol [] []
[2024-06-13T21:31:41.204524+03:00] SqLite.INFO: selectTransactionsBySymbol [] []
[2024-06-13T21:31:41.204580+03:00] SqLite.INFO: selectTransactionsBySymbol [] []
[2024-06-13T21:31:51.691068+03:00] SqLite.INFO: Select user wallet [] []
[2024-06-13T21:32:02.002198+03:00] SqLite.INFO: Select user wallet [] []
[2024-06-13T21:32:05.272724+03:00] SqLite.INFO: Select user wallet [] []
[2024-06-13T21:32:06.566197+03:00] SqLite.INFO: selectAmountByCurrency [] []
[2024-06-13T21:32:06.568008+03:00] SqLite.INFO: deleteFromWallet [] []
[2024-06-13T21:32:06.568070+03:00] SqLite.INFO: updateWallet [] []
[2024-06-13T21:32:06.568088+03:00] SqLite.INFO: selectAmountByCurrency [] []
[2024-06-13T21:32:06.569373+03:00] SqLite.INFO: Add to wallet exec [] []
[2024-06-13T21:32:06.570780+03:00] SqLite.INFO: insertTransaction [] []
[2024-06-13T21:32:08.693875+03:00] SqLite.INFO: Select user wallet [] []
[2024-06-13T21:32:08.693991+03:00] SqLite.INFO: selectTransactionsBySymbol [] []
[2024-06-13T21:32:08.694066+03:00] SqLite.INFO: selectTransactionsBySymbol [] []
[2024-06-13T21:32:08.694135+03:00] SqLite.INFO: selectTransactionsBySymbol [] []
[2024-06-13T21:32:08.694197+03:00] SqLite.INFO: selectTransactionsBySymbol [] []
[2024-06-13T21:33:40.604904+03:00] SqLite.INFO: Select user wallet [] []
[2024-06-13T21:33:47.098117+03:00] SqLite.INFO: Select user wallet [] []
[2024-06-13T21:33:51.014148+03:00] SqLite.INFO: Select user wallet [] []
[2024-06-13T21:33:51.887453+03:00] SqLite.INFO: selectAmountByCurrency [] []
[2024-06-13T21:33:51.889279+03:00] SqLite.INFO: updateWallet [] []
[2024-06-13T21:33:51.889304+03:00] SqLite.INFO: selectAmountByCurrency [] []
[2024-06-13T21:33:51.890624+03:00] SqLite.INFO: Add to wallet exec [] []
[2024-06-13T21:33:51.891956+03:00] SqLite.INFO: insertTransaction [] []
[2024-06-13T21:33:53.341612+03:00] SqLite.INFO: Select user wallet [] []
[2024-06-13T21:33:53.341714+03:00] SqLite.INFO: selectTransactionsBySymbol [] []
[2024-06-13T21:33:53.341778+03:00] SqLite.INFO: selectTransactionsBySymbol [] []
[2024-06-13T21:33:53.341837+03:00] SqLite.INFO: selectTransactionsBySymbol [] []
[2024-06-13T21:33:53.341895+03:00] SqLite.INFO: selectTransactionsBySymbol [] []
[2024-06-13T21:33:53.341955+03:00] SqLite.INFO: selectTransactionsBySymbol [] []
[2024-06-13T21:43:20.669579+03:00] SqLite.INFO: Select all users [] []
[2024-06-13T21:43:26.503073+03:00] SqLite.INFO: Create USer [] []
[2024-06-13T21:43:26.504333+03:00] SqLite.INFO: Add to wallet exec [] []
[2024-06-13T21:43:28.944273+03:00] SqLite.INFO: Select user wallet [] []
[2024-06-13T21:43:28.944390+03:00] SqLite.INFO: selectTransactionsBySymbol [] []
[2024-06-13T21:43:49.281650+03:00] SqLite.INFO: selectAmountByCurrency [] []
[2024-06-13T21:43:50.469832+03:00] SqLite.INFO: selectAmountByCurrency [] []
[2024-06-13T21:43:50.471628+03:00] SqLite.INFO: updateWallet [] []
[2024-06-13T21:43:50.471652+03:00] SqLite.INFO: selectAmountByCurrency [] []
[2024-06-13T21:45:32.312815+03:00] SqLite.INFO: Select all users [] []
[2024-06-13T21:45:37.650086+03:00] SqLite.INFO: Select user wallet [] []
[2024-06-13T21:45:37.650191+03:00] SqLite.INFO: selectTransactionsBySymbol [] []
[2024-06-13T21:45:50.317338+03:00] SqLite.INFO: Select all users [] []
[2024-06-13T21:45:56.932551+03:00] SqLite.INFO: Create USer [] []
[2024-06-13T21:45:56.934123+03:00] SqLite.INFO: Add to wallet exec [] []
[2024-06-13T21:45:59.274140+03:00] SqLite.INFO: Select user wallet [] []
[2024-06-13T21:45:59.274253+03:00] SqLite.INFO: selectTransactionsBySymbol [] []
[2024-06-13T21:46:05.007881+03:00] SqLite.INFO: selectAmountByCurrency [] []
[2024-06-13T21:46:05.727567+03:00] SqLite.INFO: selectAmountByCurrency [] []
[2024-06-13T21:46:05.729393+03:00] SqLite.INFO: updateWallet [] []
[2024-06-13T21:46:05.729418+03:00] SqLite.INFO: selectAmountByCurrency [] []
[2024-06-13T21:46:05.729503+03:00] SqLite.INFO: Select user wallet [] []
[2024-06-13T21:46:05.730784+03:00] SqLite.INFO: Add to wallet exec [] []
[2024-06-13T21:46:05.738132+03:00] SqLite.INFO: insertTransaction [] []
[2024-06-13T21:46:06.949489+03:00] SqLite.INFO: Select user wallet [] []
[2024-06-13T21:46:06.949606+03:00] SqLite.INFO: selectTransactionsBySymbol [] []
[2024-06-13T21:46:06.949680+03:00] SqLite.INFO: selectTransactionsBySymbol [] []
[2024-06-13T21:46:12.904383+03:00] SqLite.INFO: Select user wallet [] []
[2024-06-13T21:46:18.104867+03:00] SqLite.INFO: Select user wallet [] []
[2024-06-13T21:46:18.799846+03:00] SqLite.INFO: Select user wallet [] []
[2024-06-13T21:46:19.510335+03:00] SqLite.INFO: selectAmountByCurrency [] []
[2024-06-13T21:46:19.512247+03:00] SqLite.INFO: deleteFromWallet [] []
[2024-06-13T21:46:19.512319+03:00] SqLite.INFO: updateWallet [] []
[2024-06-13T21:46:19.512341+03:00] SqLite.INFO: selectAmountByCurrency [] []
[2024-06-13T21:46:19.512432+03:00] SqLite.INFO: Select user wallet [] []
[2024-06-13T21:46:19.513726+03:00] SqLite.INFO: Add to wallet exec [] []
[2024-06-13T21:46:19.515128+03:00] SqLite.INFO: insertTransaction [] []
[2024-06-13T21:46:20.638815+03:00] SqLite.INFO: Select user wallet [] []
[2024-06-13T21:46:20.638908+03:00] SqLite.INFO: selectTransactionsBySymbol [] []
[2024-06-13T21:46:20.638966+03:00] SqLite.INFO: selectTransactionsBySymbol [] []
[2024-06-13T21:56:45.365504+03:00] SqLite.INFO: Select all users [] []
[2024-06-13T21:56:55.256954+03:00] SqLite.INFO: Select user wallet [] []
[2024-06-13T21:56:55.257055+03:00] SqLite.INFO: selectTransactionsBySymbol [] []
[2024-06-13T21:56:55.257119+03:00] SqLite.INFO: selectTransactionsBySymbol [] []
[2024-06-13T21:56:55.257190+03:00] SqLite.INFO: selectTransactionsBySymbol [] []
[2024-06-13T21:56:55.257254+03:00] SqLite.INFO: selectTransactionsBySymbol [] []
[2024-06-13T21:56:55.257327+03:00] SqLite.INFO: selectTransactionsBySymbol [] []
[2024-06-13T21:57:02.363854+03:00] SqLite.INFO: Select user wallet [] []
[2024-06-13T21:57:04.111298+03:00] SqLite.INFO: Select user wallet [] []
[2024-06-13T21:57:05.197016+03:00] SqLite.INFO: Select user wallet [] []
[2024-06-13T21:57:05.728162+03:00] SqLite.INFO: selectAmountByCurrency [] []
[2024-06-13T21:57:05.736918+03:00] SqLite.INFO: deleteFromWallet [] []
[2024-06-13T21:57:05.737030+03:00] SqLite.INFO: updateWallet [] []
[2024-06-13T21:57:05.737057+03:00] SqLite.INFO: selectAmountByCurrency [] []
[2024-06-13T21:57:05.737192+03:00] SqLite.INFO: Select user wallet [] []
[2024-06-13T21:57:05.738549+03:00] SqLite.INFO: updateWallet [] []
[2024-06-13T21:57:05.746023+03:00] SqLite.INFO: insertTransaction [] []
[2024-06-13T21:57:07.310258+03:00] SqLite.INFO: Select user wallet [] []
[2024-06-13T21:57:07.310351+03:00] SqLite.INFO: selectTransactionsBySymbol [] []
[2024-06-13T21:57:07.310432+03:00] SqLite.INFO: selectTransactionsBySymbol [] []
[2024-06-13T21:57:07.310498+03:00] SqLite.INFO: selectTransactionsBySymbol [] []
[2024-06-13T21:57:07.310559+03:00] SqLite.INFO: selectTransactionsBySymbol [] []
[2024-06-13T22:03:23.864660+03:00] SqLite.INFO: Select all users [] []
[2024-06-13T22:03:25.878316+03:00] SqLite.INFO: Create USer [] []
[2024-06-13T22:03:25.879650+03:00] SqLite.INFO: Add to wallet exec [] []
[2024-06-13T22:03:30.653479+03:00] SqLite.INFO: Select user wallet [] []
[2024-06-13T22:03:30.653590+03:00] SqLite.INFO: selectTransactionsBySymbol [] []
[2024-06-13T22:03:49.065539+03:00] SqLite.INFO: selectAmountByCurrency [] []
[2024-06-13T22:03:50.251326+03:00] SqLite.INFO: selectAmountByCurrency [] []
[2024-06-13T22:03:50.253219+03:00] SqLite.INFO: updateWallet [] []
[2024-06-13T22:03:50.253242+03:00] SqLite.INFO: selectAmountByCurrency [] []
[2024-06-13T22:03:50.253322+03:00] SqLite.INFO: Select user wallet [] []
[2024-06-13T22:03:50.254678+03:00] SqLite.INFO: Add to wallet exec [] []
[2024-06-13T22:03:50.264116+03:00] SqLite.INFO: insertTransaction [] []
[2024-06-13T22:03:51.643949+03:00] SqLite.INFO: Select user wallet [] []
[2024-06-13T22:03:51.644046+03:00] SqLite.INFO: selectTransactionsBySymbol [] []
[2024-06-13T22:03:51.644106+03:00] SqLite.INFO: selectTransactionsBySymbol [] []
[2024-06-13T22:03:59.103694+03:00] SqLite.INFO: selectAmountByCurrency [] []
[2024-06-13T22:03:59.864489+03:00] SqLite.INFO: selectAmountByCurrency [] []
[2024-06-13T22:03:59.866470+03:00] SqLite.INFO: updateWallet [] []
[2024-06-13T22:03:59.866496+03:00] SqLite.INFO: selectAmountByCurrency [] []
[2024-06-13T22:03:59.866582+03:00] SqLite.INFO: Select user wallet [] []
[2024-06-13T22:03:59.867790+03:00] SqLite.INFO: Add to wallet exec [] []
[2024-06-13T22:03:59.869188+03:00] SqLite.INFO: insertTransaction [] []
[2024-06-13T22:04:01.070916+03:00] SqLite.INFO: Select user wallet [] []
[2024-06-13T22:04:01.071008+03:00] SqLite.INFO: selectTransactionsBySymbol [] []
[2024-06-13T22:04:01.071068+03:00] SqLite.INFO: selectTransactionsBySymbol [] []
[2024-06-13T22:04:01.071124+03:00] SqLite.INFO: selectTransactionsBySymbol [] []
[2024-06-13T22:04:07.666094+03:00] SqLite.INFO: Select user wallet [] []
[2024-06-13T22:04:10.794200+03:00] SqLite.INFO: Select user wallet [] []
[2024-06-13T22:04:13.163680+03:00] SqLite.INFO: Select user wallet [] []
[2024-06-13T22:04:13.990679+03:00] SqLite.INFO: selectAmountByCurrency [] []
[2024-06-13T22:04:13.992475+03:00] SqLite.INFO: updateWallet [] []
[2024-06-13T22:04:13.992500+03:00] SqLite.INFO: selectAmountByCurrency [] []
[2024-06-13T22:04:13.992588+03:00] SqLite.INFO: Select user wallet [] []
[2024-06-13T22:04:13.993816+03:00] SqLite.INFO: updateWallet [] []
[2024-06-13T22:04:13.995082+03:00] SqLite.INFO: insertTransaction [] []
[2024-06-13T22:04:15.050294+03:00] SqLite.INFO: Select user wallet [] []
[2024-06-13T22:04:15.050393+03:00] SqLite.INFO: selectTransactionsBySymbol [] []
[2024-06-13T22:04:15.050469+03:00] SqLite.INFO: selectTransactionsBySymbol [] []
[2024-06-13T22:04:15.050539+03:00] SqLite.INFO: selectTransactionsBySymbol [] []
[2024-06-13T22:04:21.021730+03:00] SqLite.INFO: Select user wallet [] []
[2024-06-13T22:04:24.487684+03:00] SqLite.INFO: Select user wallet [] []
[2024-06-13T22:04:28.380690+03:00] SqLite.INFO: Select user wallet [] []
[2024-06-13T22:04:29.298448+03:00] SqLite.INFO: selectAmountByCurrency [] []
[2024-06-13T22:04:29.300288+03:00] SqLite.INFO: updateWallet [] []
[2024-06-13T22:04:29.300314+03:00] SqLite.INFO: selectAmountByCurrency [] []
[2024-06-13T22:04:29.300403+03:00] SqLite.INFO: Select user wallet [] []
[2024-06-13T22:04:29.301618+03:00] SqLite.INFO: updateWallet [] []
[2024-06-13T22:04:29.302882+03:00] SqLite.INFO: insertTransaction [] []
[2024-06-13T22:04:30.820497+03:00] SqLite.INFO: Select user wallet [] []
[2024-06-13T22:04:30.820594+03:00] SqLite.INFO: selectTransactionsBySymbol [] []
[2024-06-13T22:04:30.820658+03:00] SqLite.INFO: selectTransactionsBySymbol [] []
[2024-06-13T22:04:30.820715+03:00] SqLite.INFO: selectTransactionsBySymbol [] []
[2024-06-13T22:04:47.389629+03:00] SqLite.INFO: Select user wallet [] []
[2024-06-13T22:04:49.715372+03:00] SqLite.INFO: Select user wallet [] []
[2024-06-13T22:04:50.166285+03:00] SqLite.INFO: Select user wallet [] []
[2024-06-13T22:04:50.803188+03:00] SqLite.INFO: selectAmountByCurrency [] []
[2024-06-13T22:04:50.805065+03:00] SqLite.INFO: deleteFromWallet [] []
[2024-06-13T22:04:50.805144+03:00] SqLite.INFO: updateWallet [] []
[2024-06-13T22:04:50.805163+03:00] SqLite.INFO: selectAmountByCurrency [] []
[2024-06-13T22:04:50.805242+03:00] SqLite.INFO: Select user wallet [] []
[2024-06-13T22:04:50.806544+03:00] SqLite.INFO: updateWallet [] []
[2024-06-13T22:04:50.807854+03:00] SqLite.INFO: insertTransaction [] []
[2024-06-13T22:04:51.793747+03:00] SqLite.INFO: Select user wallet [] []
[2024-06-13T22:04:51.793863+03:00] SqLite.INFO: selectTransactionsBySymbol [] []
[2024-06-13T22:04:51.793940+03:00] SqLite.INFO: selectTransactionsBySymbol [] []
[2024-06-13T22:05:03.638068+03:00] SqLite.INFO: selectAmountByCurrency [] []
[2024-06-13T22:05:04.090108+03:00] SqLite.INFO: selectAmountByCurrency [] []
[2024-06-13T22:05:04.091839+03:00] SqLite.INFO: updateWallet [] []
[2024-06-13T22:05:04.091862+03:00] SqLite.INFO: selectAmountByCurrency [] []
[2024-06-13T22:05:04.091945+03:00] SqLite.INFO: Select user wallet [] []
[2024-06-13T22:05:04.093303+03:00] SqLite.INFO: Add to wallet exec [] []
[2024-06-13T22:05:04.094569+03:00] SqLite.INFO: insertTransaction [] []
[2024-06-13T22:05:05.217072+03:00] SqLite.INFO: Select user wallet [] []
[2024-06-13T22:05:05.217163+03:00] SqLite.INFO: selectTransactionsBySymbol [] []
[2024-06-13T22:05:05.217227+03:00] SqLite.INFO: selectTransactionsBySymbol [] []
[2024-06-13T22:05:05.217288+03:00] SqLite.INFO: selectTransactionsBySymbol [] []
[2024-06-13T22:05:14.464954+03:00] SqLite.INFO: selectAllTransactions [] []
[2024-06-13T22:10:34.870670+03:00] SqLite.INFO: selectAllTransactions [] []
[2024-06-13T22:12:07.324754+03:00] SqLite.INFO: Select all users [] []
[2024-06-13T22:12:15.478691+03:00] SqLite.INFO: selectAllTransactions [] []
[2024-06-14T20:58:17.333457+03:00] SqLite.INFO: Select all users [] []
[2024-06-14T22:25:45.982293+03:00] SqLite.INFO: Select all users [] []
[2024-06-14T22:25:50.700645+03:00] SqLite.INFO: Select user wallet [] []
[2024-06-14T22:25:50.700771+03:00] SqLite.INFO: selectTransactionsBySymbol [] []
[2024-06-14T22:25:50.700869+03:00] SqLite.INFO: selectTransactionsBySymbol [] []
[2024-06-14T22:25:50.700969+03:00] SqLite.INFO: selectTransactionsBySymbol [] []
[2024-06-14T22:26:31.295243+03:00] SqLite.INFO: Select all users [] []
[2024-06-14T22:26:35.003066+03:00] SqLite.INFO: Select user wallet [] []
[2024-06-14T22:27:16.397498+03:00] SqLite.INFO: Select all users [] []
[2024-06-14T22:27:19.762983+03:00] SqLite.INFO: Select user wallet [] []
[2024-06-14T22:27:46.555342+03:00] SqLite.INFO: Select all users [] []
[2024-06-14T22:27:54.055060+03:00] SqLite.INFO: Select user wallet [] []
[2024-06-14T22:30:07.425347+03:00] SqLite.INFO: Select all users [] []
[2024-06-14T22:30:13.261215+03:00] SqLite.INFO: Select user wallet [] []
[2024-06-14T22:45:31.022558+03:00] SqLite.INFO: Select all users [] []
[2024-06-14T22:45:37.352966+03:00] SqLite.INFO: Create USer [] []
[2024-06-14T22:45:37.354293+03:00] SqLite.INFO: Add to wallet exec [] []
[2024-06-14T22:45:39.984703+03:00] SqLite.INFO: Select user wallet [] []
[2024-06-14T22:45:47.569921+03:00] SqLite.INFO: Select all users [] []
[2024-06-16T19:39:13.722777+03:00] SqLite.INFO: Select all users [] []
[2024-06-16T19:39:17.582250+03:00] SqLite.INFO: Select user wallet [] []
[2024-06-16T19:51:42.134063+03:00] SqLite.INFO: Select all users [] []
[2024-06-16T20:16:47.349273+03:00] SqLite.INFO: Select all users [] []
[2024-06-16T20:16:53.301355+03:00] SqLite.INFO: Select user wallet [] []
[2024-06-16T20:16:53.301460+03:00] SqLite.INFO: selectTransactionsBySymbol [] []
[2024-06-16T20:16:53.301535+03:00] SqLite.INFO: selectTransactionsBySymbol [] []
[2024-06-16T20:16:53.301597+03:00] SqLite.INFO: selectTransactionsBySymbol [] []
[2024-06-16T20:17:16.832488+03:00] SqLite.INFO: selectAllTransactions [] []
[2024-06-16T20:19:45.968692+03:00] SqLite.INFO: Select all users [] []
[2024-06-16T20:19:51.874054+03:00] SqLite.INFO: Select user wallet [] []
[2024-06-16T20:19:51.874178+03:00] SqLite.INFO: selectTransactionsBySymbol [] []
[2024-06-16T20:23:27.656769+03:00] SqLite.INFO: Select all users [] []
[2024-06-16T20:23:33.748671+03:00] SqLite.INFO: Select user wallet [] []
[2024-06-16T20:23:33.748793+03:00] SqLite.INFO: selectTransactionsBySymbol [] []
[2024-06-16T20:23:33.748871+03:00] SqLite.INFO: selectTransactionsBySymbol [] []
[2024-06-16T20:23:33.748933+03:00] SqLite.INFO: selectTransactionsBySymbol [] []
[2024-06-16T20:36:23.997316+03:00] SqLite.INFO: Select all users [] []
[2024-06-16T20:36:29.014086+03:00] SqLite.INFO: selectAllTransactions [] []
[2024-06-16T20:58:19.900793+03:00] SqLite.INFO: Select all users [] []
[2024-06-16T20:58:23.631516+03:00] SqLite.INFO: Select user wallet [] []
[2024-06-16T20:58:23.631612+03:00] SqLite.INFO: selectTransactionsBySymbol [] []
[2024-06-16T20:58:23.637079+03:00] SqLite.INFO: selectTransactionsBySymbol [] []
[2024-06-16T20:58:23.637221+03:00] SqLite.INFO: selectTransactionsBySymbol [] []
[2024-06-16T21:01:09.388220+03:00] SqLite.INFO: Select all users [] []
[2024-06-16T21:01:13.749292+03:00] SqLite.INFO: Select user wallet [] []
[2024-06-16T21:01:13.749401+03:00] SqLite.INFO: selectTransactionsBySymbol [] []
[2024-06-16T21:01:13.755103+03:00] SqLite.INFO: selectTransactionsBySymbol [] []
[2024-06-16T21:01:13.755252+03:00] SqLite.INFO: selectTransactionsBySymbol [] []
[2024-06-16T21:02:06.273201+03:00] SqLite.INFO: Select all users [] []
[2024-06-16T21:02:10.435147+03:00] SqLite.INFO: Select user wallet [] []
[2024-06-16T21:02:10.435271+03:00] SqLite.INFO: selectTransactionsBySymbol [] []
[2024-06-16T21:02:10.440784+03:00] SqLite.INFO: selectTransactionsBySymbol [] []
[2024-06-16T21:02:10.440928+03:00] SqLite.INFO: selectTransactionsBySymbol [] []
[2024-06-16T21:03:11.713100+03:00] SqLite.INFO: Select all users [] []
[2024-06-16T21:03:15.618313+03:00] SqLite.INFO: Select user wallet [] []
[2024-06-16T21:03:15.618422+03:00] SqLite.INFO: selectTransactionsBySymbol [] []
[2024-06-16T21:03:15.623893+03:00] SqLite.INFO: selectTransactionsBySymbol [] []
[2024-06-16T21:03:15.624036+03:00] SqLite.INFO: selectTransactionsBySymbol [] []
[2024-06-16T21:03:50.515981+03:00] SqLite.INFO: Select all users [] []
[2024-06-16T21:03:53.734452+03:00] SqLite.INFO: Select user wallet [] []
[2024-06-16T21:03:53.734571+03:00] SqLite.INFO: selectTransactionsBySymbol [] []
[2024-06-16T21:03:53.740222+03:00] SqLite.INFO: selectTransactionsBySymbol [] []
[2024-06-16T21:03:53.740373+03:00] SqLite.INFO: selectTransactionsBySymbol [] []
[2024-06-16T21:04:17.536889+03:00] SqLite.INFO: Select all users [] []
[2024-06-16T21:04:20.386956+03:00] SqLite.INFO: Select user wallet [] []
[2024-06-16T21:04:20.387081+03:00] SqLite.INFO: selectTransactionsBySymbol [] []
[2024-06-16T21:04:20.392626+03:00] SqLite.INFO: selectTransactionsBySymbol [] []
[2024-06-16T21:04:20.392769+03:00] SqLite.INFO: selectTransactionsBySymbol [] []
[2024-06-16T21:06:36.494795+03:00] SqLite.INFO: Select all users [] []
[2024-06-16T21:06:40.572243+03:00] SqLite.INFO: Select user wallet [] []
[2024-06-16T21:06:40.572363+03:00] SqLite.INFO: selectTransactionsBySymbol [] []
[2024-06-16T21:06:40.578391+03:00] SqLite.INFO: selectTransactionsBySymbol [] []
[2024-06-16T21:06:40.578537+03:00] SqLite.INFO: selectTransactionsBySymbol [] []
[2024-06-16T21:09:08.360984+03:00] SqLite.INFO: Select all users [] []
[2024-06-16T21:09:12.440441+03:00] SqLite.INFO: Select user wallet [] []
[2024-06-16T21:09:12.440551+03:00] SqLite.INFO: selectTransactionsBySymbol [] []
[2024-06-16T21:09:12.446075+03:00] SqLite.INFO: selectTransactionsBySymbol [] []
[2024-06-16T21:09:12.446219+03:00] SqLite.INFO: selectTransactionsBySymbol [] []
[2024-06-16T21:34:33.187204+03:00] SqLite.INFO: Select all users [] []
[2024-06-16T21:40:24.953625+03:00] SqLite.INFO: Select all users [] []
[2024-06-16T21:41:01.201029+03:00] SqLite.INFO: Select all users [] []
[2024-06-16T21:41:18.270333+03:00] SqLite.INFO: Select user wallet [] []
[2024-06-16T21:41:18.270436+03:00] SqLite.INFO: selectTransactionsBySymbol [] []
[2024-06-16T21:41:18.275992+03:00] SqLite.INFO: selectTransactionsBySymbol [] []
[2024-06-16T21:41:18.276169+03:00] SqLite.INFO: selectTransactionsBySymbol [] []
[2024-06-16T22:27:10.440305+03:00] SqLite.INFO: Select all users [] []
[2024-06-16T22:27:17.187540+03:00] SqLite.INFO: Select user wallet [] []
[2024-06-16T22:27:17.187667+03:00] SqLite.INFO: selectTransactionsBySymbol [] []
[2024-06-16T22:27:17.193410+03:00] SqLite.INFO: selectTransactionsBySymbol [] []
[2024-06-16T22:27:17.193556+03:00] SqLite.INFO: selectTransactionsBySymbol [] []
[2024-06-16T22:27:36.482750+03:00] SqLite.INFO: selectAmountByCurrency [] []
[2024-06-16T22:27:37.397480+03:00] SqLite.INFO: selectAmountByCurrency [] []
[2024-06-16T22:27:37.405145+03:00] SqLite.INFO: updateWallet [] []
[2024-06-16T22:27:37.405256+03:00] SqLite.INFO: selectAmountByCurrency [] []
[2024-06-16T22:27:37.405507+03:00] SqLite.INFO: Select user wallet [] []
[2024-06-16T22:27:37.406122+03:00] SqLite.INFO: Add to wallet exec [] []
[2024-06-16T22:27:37.407498+03:00] SqLite.INFO: insertTransaction [] []
[2024-06-16T22:28:14.681295+03:00] SqLite.INFO: Select all users [] []
[2024-06-16T22:28:29.520623+03:00] SqLite.INFO: selectAmountByCurrency [] []
[2024-06-16T22:28:32.600247+03:00] SqLite.INFO: Select user wallet [] []
[2024-06-16T22:28:32.600368+03:00] SqLite.INFO: selectTransactionsBySymbol [] []
[2024-06-16T22:28:32.605985+03:00] SqLite.INFO: selectTransactionsBySymbol [] []
[2024-06-16T22:28:32.606129+03:00] SqLite.INFO: selectTransactionsBySymbol [] []
[2024-06-16T22:28:49.717738+03:00] SqLite.INFO: selectAmountByCurrency [] []
[2024-06-16T22:28:50.675475+03:00] SqLite.INFO: selectAmountByCurrency [] []
[2024-06-16T22:28:50.682921+03:00] SqLite.INFO: updateWallet [] []
[2024-06-16T22:28:50.682966+03:00] SqLite.INFO: selectAmountByCurrency [] []
[2024-06-16T22:28:50.683081+03:00] SqLite.INFO: Select user wallet [] []
[2024-06-16T22:28:50.684666+03:00] SqLite.INFO: Add to wallet exec [] []
[2024-06-16T22:28:50.685992+03:00] SqLite.INFO: insertTransaction [] []
[2024-06-16T22:28:52.414201+03:00] SqLite.INFO: Select user wallet [] []
[2024-06-16T22:28:52.414290+03:00] SqLite.INFO: selectTransactionsBySymbol [] []
[2024-06-16T22:28:52.414410+03:00] SqLite.INFO: selectTransactionsBySymbol [] []
[2024-06-16T22:28:52.414562+03:00] SqLite.INFO: selectTransactionsBySymbol [] []
[2024-06-16T22:28:52.414676+03:00] SqLite.INFO: selectTransactionsBySymbol [] []
[2024-06-16T23:02:54.429566+03:00] SqLite.INFO: Select all users [] []
[2024-06-16T23:03:01.071358+03:00] SqLite.INFO: Select user wallet [] []
[2024-06-16T23:03:01.071465+03:00] SqLite.INFO: selectTransactionsBySymbol [] []
[2024-06-16T23:03:01.071492+03:00] SqLite.INFO: selectCurrencySince [] []
[2024-06-16T23:04:21.271154+03:00] SqLite.INFO: Select all users [] []
[2024-06-16T23:04:28.730945+03:00] SqLite.INFO: Select user wallet [] []
[2024-06-16T23:04:28.731048+03:00] SqLite.INFO: selectTransactionsBySymbol [] []
[2024-06-16T23:04:28.731082+03:00] SqLite.INFO: selectCurrencySince [] []
[2024-06-16T23:04:38.388664+03:00] SqLite.INFO: Select all users [] []
[2024-06-16T23:04:44.908269+03:00] SqLite.INFO: Select user wallet [] []
[2024-06-16T23:04:44.908391+03:00] SqLite.INFO: selectTransactionsBySymbol [] []
[2024-06-16T23:04:44.908430+03:00] SqLite.INFO: selectCurrencySince [] []
[2024-06-16T23:08:59.690589+03:00] SqLite.INFO: Select all users [] []
[2024-06-16T23:09:05.340602+03:00] SqLite.INFO: Select user wallet [] []
[2024-06-16T23:09:05.340714+03:00] SqLite.INFO: selectTransactionsBySymbol [] []
[2024-06-16T23:09:05.346212+03:00] SqLite.INFO: selectTransactionsBySymbol [] []
[2024-06-16T23:09:05.346241+03:00] SqLite.INFO: selectCurrencySince [] []
[2024-06-16T23:10:43.969125+03:00] SqLite.INFO: Select all users [] []
[2024-06-16T23:10:50.163585+03:00] SqLite.INFO: Select user wallet [] []
[2024-06-16T23:10:50.163688+03:00] SqLite.INFO: selectTransactionsBySymbol [] []
[2024-06-16T23:10:50.169140+03:00] SqLite.INFO: selectTransactionsBySymbol [] []
[2024-06-16T23:10:50.169169+03:00] SqLite.INFO: selectCurrencySince [] []
[2024-06-16T23:11:42.439903+03:00] SqLite.INFO: Select all users [] []
[2024-06-16T23:11:53.302574+03:00] SqLite.INFO: Select user wallet [] []
[2024-06-16T23:11:53.302686+03:00] SqLite.INFO: selectTransactionsBySymbol [] []
[2024-06-16T23:11:53.308296+03:00] SqLite.INFO: selectTransactionsBySymbol [] []
[2024-06-16T23:11:53.308327+03:00] SqLite.INFO: selectCurrencySince [] []
[2024-06-16T23:16:04.827912+03:00] SqLite.INFO: Select all users [] []
[2024-06-16T23:16:10.978391+03:00] SqLite.INFO: Select user wallet [] []
[2024-06-16T23:16:10.978512+03:00] SqLite.INFO: selectTransactionsBySymbol [] []
[2024-06-16T23:16:10.984168+03:00] SqLite.INFO: selectTransactionsBySymbol [] []
[2024-06-16T23:16:10.984198+03:00] SqLite.INFO: selectCurrencySince [] []
[2024-06-16T23:16:37.482095+03:00] SqLite.INFO: Select user wallet [] []
[2024-06-16T23:16:37.482196+03:00] SqLite.INFO: selectTransactionsBySymbol [] []
[2024-06-16T23:16:37.486252+03:00] SqLite.INFO: selectTransactionsBySymbol [] []
[2024-06-16T23:16:37.486294+03:00] SqLite.INFO: selectCurrencySince [] []
[2024-06-16T23:20:51.249912+03:00] SqLite.INFO: Select all users [] []
[2024-06-16T23:20:58.232663+03:00] SqLite.INFO: Select user wallet [] []
[2024-06-16T23:20:58.232796+03:00] SqLite.INFO: selectTransactionsBySymbol [] []
[2024-06-16T23:20:58.238486+03:00] SqLite.INFO: selectTransactionsBySymbol [] []
[2024-06-16T23:20:58.238516+03:00] SqLite.INFO: selectCurrencySince [] []
[2024-06-16T23:21:24.075459+03:00] SqLite.INFO: Select all users [] []
[2024-06-16T23:21:29.509390+03:00] SqLite.INFO: Select user wallet [] []
[2024-06-16T23:21:29.509494+03:00] SqLite.INFO: selectTransactionsBySymbol [] []
[2024-06-16T23:21:29.515070+03:00] SqLite.INFO: selectTransactionsBySymbol [] []
[2024-06-16T23:21:29.515100+03:00] SqLite.INFO: selectCurrencySince [] []
[2024-06-16T23:23:02.335802+03:00] SqLite.INFO: Select all users [] []
[2024-06-16T23:23:08.164488+03:00] SqLite.INFO: Select user wallet [] []
[2024-06-16T23:23:08.164607+03:00] SqLite.INFO: selectTransactionsBySymbol [] []
[2024-06-16T23:23:08.170212+03:00] SqLite.INFO: selectTransactionsBySymbol [] []
[2024-06-16T23:23:08.170241+03:00] SqLite.INFO: selectCurrencySince [] []
[2024-06-16T23:23:23.882366+03:00] SqLite.INFO: selectAmountByCurrency [] []
[2024-06-16T23:23:24.511595+03:00] SqLite.INFO: selectAmountByCurrency [] []
[2024-06-16T23:23:24.519158+03:00] SqLite.INFO: updateWallet [] []
[2024-06-16T23:23:24.519247+03:00] SqLite.INFO: selectAmountByCurrency [] []
[2024-06-16T23:23:24.519569+03:00] SqLite.INFO: Select user wallet [] []
[2024-06-16T23:23:24.521246+03:00] SqLite.INFO: Add to wallet exec [] []
[2024-06-16T23:23:24.522723+03:00] SqLite.INFO: insertTransaction [] []
[2024-06-16T23:23:25.878020+03:00] SqLite.INFO: Select user wallet [] []
[2024-06-16T23:23:25.878142+03:00] SqLite.INFO: selectTransactionsBySymbol [] []
[2024-06-16T23:23:25.878286+03:00] SqLite.INFO: selectTransactionsBySymbol [] []
[2024-06-16T23:23:25.878322+03:00] SqLite.INFO: selectCurrencySince [] []
[2024-06-16T23:23:25.878580+03:00] SqLite.INFO: selectTransactionsBySymbol [] []
[2024-06-16T23:23:25.878605+03:00] SqLite.INFO: selectCurrencySince [] []
[2024-06-16T23:23:55.032660+03:00] SqLite.INFO: Select all users [] []
[2024-06-16T23:24:00.901616+03:00] SqLite.INFO: Select user wallet [] []
[2024-06-16T23:24:00.901750+03:00] SqLite.INFO: selectTransactionsBySymbol [] []
[2024-06-16T23:24:00.907334+03:00] SqLite.INFO: selectTransactionsBySymbol [] []
[2024-06-16T23:24:00.907364+03:00] SqLite.INFO: selectCurrencySince [] []
[2024-06-16T23:24:00.907588+03:00] SqLite.INFO: selectTransactionsBySymbol [] []
[2024-06-16T23:24:00.907610+03:00] SqLite.INFO: selectCurrencySince [] []
